#
# There is insufficient memory for the Java Runtime Environment to continue.
# Native memory allocation (malloc) failed to allocate 1158096 bytes for Chunk::new
# Possible reasons:
#   The system is out of physical RAM or swap space
#   The process is running with CompressedOops enabled, and the Java Heap may be blocking the growth of the native heap
# Possible solutions:
#   Reduce memory load on the system
#   Increase physical memory or swap space
#   Check if swap backing store is full
#   Decrease Java heap size (-Xmx/-Xms)
#   Decrease number of Java threads
#   Decrease Java thread stack sizes (-Xss)
#   Set larger code cache with -XX:ReservedCodeCacheSize=
#   JVM is running with Unscaled Compressed Oops mode in which the Java heap is
#     placed in the first 4GB address space. The Java Heap base address is the
#     maximum limit for the native heap growth. Please use -XX:HeapBaseMinAddress
#     to set the Java Heap base and to place the Java Heap above 4GB virtual address.
# This output file may be truncated or incomplete.
#
#  Out of Memory Error (allocation.cpp:389), pid=3492, tid=0x0000000000000ddc
#
# JRE version: OpenJDK Runtime Environment (8.0_242-b01) (build 1.8.0_242-release-1644-b01)
# Java VM: OpenJDK 64-Bit Server VM (25.242-b01 mixed mode windows-amd64 compressed oops)
# Failed to write core dump. Minidumps are not enabled by default on client versions of Windows
#

---------------  T H R E A D  ---------------

Current thread (0x0000000017fbc000):  JavaThread "C2 CompilerThread1" daemon [_thread_in_native, id=3548, stack(0x00000000199b0000,0x0000000019ab0000)]

Stack: [0x00000000199b0000,0x0000000019ab0000]
[error occurred during error reporting (printing stack bounds), id 0xc0000005]

Native frames: (J=compiled Java code, j=interpreted, Vv=VM code, C=native code)


Current CompileTask:
C2:3132397 16447       4       com.android.ide.common.resources.NodeUtils::duplicateNode (315 bytes)


---------------  P R O C E S S  ---------------

Java Threads: ( => current thread )
  0x000000001f369800 JavaThread "Cache worker for execution history cache (C:\Users\82105\Desktop\2\WaterFee\.gradle\6.1.1\executionHistory)" [_thread_blocked, id=7664, stack(0x0000000025670000,0x0000000025770000)]
  0x000000001f366800 JavaThread "Execution worker for ':' Thread 3" [_thread_in_Java, id=1520, stack(0x0000000024e30000,0x0000000024f30000)]
  0x000000001f363800 JavaThread "Execution worker for ':' Thread 2" [_thread_in_native, id=6516, stack(0x0000000024b30000,0x0000000024c30000)]
  0x000000001f368800 JavaThread "Execution worker for ':'" [_thread_blocked, id=1208, stack(0x0000000024830000,0x0000000024930000)]
  0x000000001e475800 JavaThread "Cache worker for file content cache (C:\Users\82105\Desktop\2\WaterFee\.gradle\6.1.1\fileContent)" [_thread_blocked, id=8132, stack(0x0000000022560000,0x0000000022660000)]
  0x000000001e469800 JavaThread "Cache worker for Build Output Cleanup Cache (C:\Users\82105\Desktop\2\WaterFee\.gradle\buildOutputCleanup)" [_thread_blocked, id=7120, stack(0x0000000022260000,0x0000000022360000)]
  0x000000001e471000 JavaThread "Build operations Thread 4" [_thread_blocked, id=3400, stack(0x0000000022160000,0x0000000022260000)]
  0x000000001e475000 JavaThread "Build operations Thread 3" [_thread_blocked, id=4496, stack(0x0000000022060000,0x0000000022160000)]
  0x000000001e473800 JavaThread "Build operations Thread 2" [_thread_blocked, id=6808, stack(0x0000000021f60000,0x0000000022060000)]
  0x000000001e477000 JavaThread "Build operations" [_thread_blocked, id=7472, stack(0x000000001ff70000,0x0000000020070000)]
  0x000000001e476800 JavaThread "Cache worker for cache directory md-rule (C:\Users\82105\.gradle\caches\6.1.1\md-rule)" [_thread_blocked, id=9048, stack(0x000000001ec00000,0x000000001ed00000)]
  0x000000001e470800 JavaThread "Cache worker for cache directory md-supplier (C:\Users\82105\.gradle\caches\6.1.1\md-supplier)" [_thread_blocked, id=4924, stack(0x000000001eb00000,0x000000001ec00000)]
  0x000000001e472800 JavaThread "Cache worker for file hash cache (C:\Users\82105\Desktop\2\WaterFee\.gradle\6.1.1\fileHashes)" [_thread_blocked, id=1880, stack(0x000000001ea00000,0x000000001eb00000)]
  0x000000001e472000 JavaThread "Cache worker for checksums cache (C:\Users\82105\Desktop\2\WaterFee\.gradle\checksums)" [_thread_blocked, id=2188, stack(0x000000001d630000,0x000000001d730000)]
  0x000000001e468000 JavaThread "Thread-108" [_thread_blocked, id=6508, stack(0x000000001d330000,0x000000001d430000)]
  0x000000001e46c800 JavaThread "Stdin handler" [_thread_blocked, id=7584, stack(0x000000001d030000,0x000000001d130000)]
  0x000000001e46c000 JavaThread "Asynchronous log dispatcher for DefaultDaemonConnection: socket connection from /127.0.0.1:1138 to /127.0.0.1:2358" [_thread_blocked, id=3036, stack(0x000000001cf30000,0x000000001d030000)]
  0x000000001e469000 JavaThread "Daemon worker Thread 4" [_thread_blocked, id=2084, stack(0x000000001cc30000,0x000000001cd30000)]
  0x000000001e46f000 JavaThread "Cancel handler" [_thread_blocked, id=2436, stack(0x000000001cb30000,0x000000001cc30000)]
  0x000000001e46e000 JavaThread "Handler for socket connection from /127.0.0.1:1138 to /127.0.0.1:2358" [_thread_in_native, id=2252, stack(0x0000000003140000,0x0000000003240000)]
  0x000000001e46d800 JavaThread "Daemon Thread 4" [_thread_blocked, id=5484, stack(0x0000000001100000,0x0000000001200000)]
  0x000000001f36c800 JavaThread "Cache worker for Java compile cache (C:\Users\82105\.gradle\caches\6.1.1\javaCompile)" [_thread_blocked, id=2928, stack(0x0000000025cd0000,0x0000000025dd0000)]
  0x000000001ef41800 JavaThread "Cache worker for file content cache (C:\Users\82105\.gradle\caches\6.1.1\fileContent)" [_thread_blocked, id=7948, stack(0x0000000024730000,0x0000000024830000)]
  0x000000001ef48000 JavaThread "Memory manager" [_thread_blocked, id=7984, stack(0x0000000024630000,0x0000000024730000)]
  0x000000001b91c000 JavaThread "Cache worker for execution history cache (C:\Users\82105\.gradle\caches\6.1.1\executionHistory)" [_thread_blocked, id=6456, stack(0x0000000021460000,0x0000000021560000)]
  0x000000001b91a800 JavaThread "Cache worker for file hash cache (C:\Users\82105\.gradle\caches\6.1.1\fileHashes)" [_thread_blocked, id=2992, stack(0x000000001d930000,0x000000001da30000)]
  0x000000001b91c800 JavaThread "File lock request listener" [_thread_in_native, id=5112, stack(0x000000001d830000,0x000000001d930000)]
  0x000000001b918000 JavaThread "Cache worker for journal cache (C:\Users\82105\.gradle\caches\journal-1)" [_thread_blocked, id=5116, stack(0x000000001d730000,0x000000001d830000)]
  0x000000001b6a8000 JavaThread "Daemon periodic checks" [_thread_blocked, id=8960, stack(0x000000001ca30000,0x000000001cb30000)]
  0x000000001b6a6800 JavaThread "Incoming local TCP Connector on port 1138" [_thread_in_native, id=8964, stack(0x000000001c850000,0x000000001c950000)]
  0x0000000019356000 JavaThread "Daemon health stats" [_thread_blocked, id=5912, stack(0x000000001c750000,0x000000001c850000)]
  0x0000000019320000 JavaThread "Service Thread" daemon [_thread_blocked, id=4136, stack(0x0000000019bb0000,0x0000000019cb0000)]
  0x000000001930b800 JavaThread "C1 CompilerThread2" daemon [_thread_blocked, id=3212, stack(0x0000000019ab0000,0x0000000019bb0000)]
=>0x0000000017fbc000 JavaThread "C2 CompilerThread1" daemon [_thread_in_native, id=3548, stack(0x00000000199b0000,0x0000000019ab0000)]
  0x0000000017fb8000 JavaThread "C2 CompilerThread0" daemon [_thread_in_vm, id=4028, stack(0x00000000198b0000,0x00000000199b0000)]
  0x0000000017fb7000 JavaThread "Attach Listener" daemon [_thread_blocked, id=2936, stack(0x00000000197b0000,0x00000000198b0000)]
  0x0000000017f6d000 JavaThread "Signal Dispatcher" daemon [_thread_blocked, id=1744, stack(0x00000000196b0000,0x00000000197b0000)]
  0x0000000003335800 JavaThread "Finalizer" daemon [_thread_blocked, id=844, stack(0x00000000191b0000,0x00000000192b0000)]
  0x0000000017f49000 JavaThread "Reference Handler" daemon [_thread_blocked, id=3616, stack(0x00000000190b0000,0x00000000191b0000)]
  0x000000000144d800 JavaThread "main" [_thread_blocked, id=3748, stack(0x0000000002c30000,0x0000000002d30000)]

Other Threads:
  0x0000000017f26000 VMThread [stack: 0x0000000018fb0000,0x00000000190b0000] [id=3984]
  0x0000000019321000 WatcherThread [stack: 0x0000000019cb0000,0x0000000019db0000] [id=4156]

VM state:not at safepoint (normal execution)

VM Mutex/Monitor currently owned by a thread: None

heap address: 0x0000000080000000, size: 2048 MB, Compressed Oops mode: 32-bit
Narrow klass base: 0x0000000000000000, Narrow klass shift: 3
Compressed class space size: 1073741824 Address: 0x0000000100000000

Heap:
 PSYoungGen      total 205312K, used 179180K [0x00000000d5580000, 0x00000000e5e00000, 0x0000000100000000)
  eden space 185856K, 86% used [0x00000000d5580000,0x00000000df1ad368,0x00000000e0b00000)
  from space 19456K, 98% used [0x00000000e2780000,0x00000000e3a4e060,0x00000000e3a80000)
  to   space 31744K, 0% used [0x00000000e3f00000,0x00000000e3f00000,0x00000000e5e00000)
 ParOldGen       total 135680K, used 59553K [0x0000000080000000, 0x0000000088480000, 0x00000000d5580000)
  object space 135680K, 43% used [0x0000000080000000,0x0000000083a28518,0x0000000088480000)
 Metaspace       used 91430K, capacity 96036K, committed 96088K, reserved 1132544K
  class space    used 12060K, capacity 12919K, committed 12928K, reserved 1048576K

Card table byte_map: [0x0000000012700000,0x0000000012b10000] byte_map_base: 0x0000000012300000

Marking Bits: (ParMarkBitMap*) 0x000000005a48f030
 Begin Bits: [0x00000000131c0000, 0x00000000151c0000)
 End Bits:   [0x00000000151c0000, 0x00000000171c0000)

Polling page: 0x00000000013a0000

CodeCache: size=245760Kb used=45234Kb max_used=45956Kb free=200526Kb
 bounds [0x0000000003340000, 0x00000000060c0000, 0x0000000012340000]
 total_blobs=14459 nmethods=13579 adapters=791
 compilation: enabled

Compilation events (10 events):
Event: 3132.179 Thread 0x000000001930b800 16456       3       com.sun.org.apache.xerces.internal.util.XMLChar::isValidNCName (56 bytes)
Event: 3132.180 Thread 0x000000001930b800 nmethod 16456 0x0000000004b33ed0 code [0x0000000004b340c0, 0x0000000004b34b18]
Event: 3132.180 Thread 0x000000001930b800 16457       1       com.sun.org.apache.xerces.internal.dom.CoreDocumentImpl::isXML11Version (5 bytes)
Event: 3132.181 Thread 0x000000001930b800 nmethod 16457 0x0000000004f967d0 code [0x0000000004f96920, 0x0000000004f96a30]
Event: 3132.198 Thread 0x0000000017fb8000 nmethod 16454 0x000000000562a1d0 code [0x000000000562a4e0, 0x000000000562ce00]
Event: 3132.198 Thread 0x0000000017fb8000 16458       4       com.android.ide.common.resources.NodeUtils::updateNamespace (161 bytes)
Event: 3132.349 Thread 0x000000001930b800 16465       2       org.gradle.internal.execution.history.impl.FingerprintMapSerializer::write (76 bytes)
Event: 3132.350 Thread 0x000000001930b800 nmethod 16465 0x0000000005c16ed0 code [0x0000000005c170c0, 0x0000000005c17488]
Event: 3132.361 Thread 0x0000000017fb8000 nmethod 16458 0x00000000047ce5d0 code [0x00000000047ceaa0, 0x00000000047d1e60]
Event: 3132.361 Thread 0x0000000017fb8000 16460       4       com.android.utils.XmlUtils::append (639 bytes)

GC Heap History (10 events):
Event: 31.732 GC heap before
{Heap before GC invocations=16 (full 3):
 PSYoungGen      total 183808K, used 166400K [0x00000000d5580000, 0x00000000e2700000, 0x0000000100000000)
  eden space 166400K, 100% used [0x00000000d5580000,0x00000000df800000,0x00000000df800000)
  from space 17408K, 0% used [0x00000000e0900000,0x00000000e0900000,0x00000000e1a00000)
  to   space 17408K, 0% used [0x00000000df800000,0x00000000df800000,0x00000000e0900000)
 ParOldGen       total 135680K, used 29864K [0x0000000080000000, 0x0000000088480000, 0x00000000d5580000)
  object space 135680K, 22% used [0x0000000080000000,0x0000000081d2a370,0x0000000088480000)
 Metaspace       used 61540K, capacity 64252K, committed 64344K, reserved 1103872K
  class space    used 8444K, capacity 9043K, committed 9088K, reserved 1048576K
Event: 31.768 GC heap after
Heap after GC invocations=16 (full 3):
 PSYoungGen      total 183808K, used 14072K [0x00000000d5580000, 0x00000000e4100000, 0x0000000100000000)
  eden space 166400K, 0% used [0x00000000d5580000,0x00000000d5580000,0x00000000df800000)
  from space 17408K, 80% used [0x00000000df800000,0x00000000e05be050,0x00000000e0900000)
  to   space 18432K, 0% used [0x00000000e2f00000,0x00000000e2f00000,0x00000000e4100000)
 ParOldGen       total 135680K, used 29872K [0x0000000080000000, 0x0000000088480000, 0x00000000d5580000)
  object space 135680K, 22% used [0x0000000080000000,0x0000000081d2c370,0x0000000088480000)
 Metaspace       used 61540K, capacity 64252K, committed 64344K, reserved 1103872K
  class space    used 8444K, capacity 9043K, committed 9088K, reserved 1048576K
}
Event: 101.109 GC heap before
{Heap before GC invocations=17 (full 3):
 PSYoungGen      total 183808K, used 180472K [0x00000000d5580000, 0x00000000e4100000, 0x0000000100000000)
  eden space 166400K, 100% used [0x00000000d5580000,0x00000000df800000,0x00000000df800000)
  from space 17408K, 80% used [0x00000000df800000,0x00000000e05be050,0x00000000e0900000)
  to   space 18432K, 0% used [0x00000000e2f00000,0x00000000e2f00000,0x00000000e4100000)
 ParOldGen       total 135680K, used 29872K [0x0000000080000000, 0x0000000088480000, 0x00000000d5580000)
  object space 135680K, 22% used [0x0000000080000000,0x0000000081d2c370,0x0000000088480000)
 Metaspace       used 70191K, capacity 73214K, committed 73304K, reserved 1112064K
  class space    used 9410K, capacity 10026K, committed 10112K, reserved 1048576K
Event: 101.172 GC heap after
Heap after GC invocations=17 (full 3):
 PSYoungGen      total 216576K, used 18413K [0x00000000d5580000, 0x00000000e4500000, 0x0000000100000000)
  eden space 198144K, 0% used [0x00000000d5580000,0x00000000d5580000,0x00000000e1700000)
  from space 18432K, 99% used [0x00000000e2f00000,0x00000000e40fb530,0x00000000e4100000)
  to   space 23552K, 0% used [0x00000000e1700000,0x00000000e1700000,0x00000000e2e00000)
 ParOldGen       total 135680K, used 37042K [0x0000000080000000, 0x0000000088480000, 0x00000000d5580000)
  object space 135680K, 27% used [0x0000000080000000,0x000000008242c918,0x0000000088480000)
 Metaspace       used 70191K, capacity 73214K, committed 73304K, reserved 1112064K
  class space    used 9410K, capacity 10026K, committed 10112K, reserved 1048576K
}
Event: 108.429 GC heap before
{Heap before GC invocations=18 (full 3):
 PSYoungGen      total 216576K, used 216557K [0x00000000d5580000, 0x00000000e4500000, 0x0000000100000000)
  eden space 198144K, 100% used [0x00000000d5580000,0x00000000e1700000,0x00000000e1700000)
  from space 18432K, 99% used [0x00000000e2f00000,0x00000000e40fb530,0x00000000e4100000)
  to   space 23552K, 0% used [0x00000000e1700000,0x00000000e1700000,0x00000000e2e00000)
 ParOldGen       total 135680K, used 37042K [0x0000000080000000, 0x0000000088480000, 0x00000000d5580000)
  object space 135680K, 27% used [0x0000000080000000,0x000000008242c918,0x0000000088480000)
 Metaspace       used 84680K, capacity 88506K, committed 88792K, reserved 1126400K
  class space    used 11521K, capacity 12278K, committed 12288K, reserved 1048576K
Event: 108.523 GC heap after
Heap after GC invocations=18 (full 3):
 PSYoungGen      total 221696K, used 23548K [0x00000000d5580000, 0x00000000e7c80000, 0x0000000100000000)
  eden space 198144K, 0% used [0x00000000d5580000,0x00000000d5580000,0x00000000e1700000)
  from space 23552K, 99% used [0x00000000e1700000,0x00000000e2dff138,0x00000000e2e00000)
  to   space 31744K, 0% used [0x00000000e5d80000,0x00000000e5d80000,0x00000000e7c80000)
 ParOldGen       total 135680K, used 50191K [0x0000000080000000, 0x0000000088480000, 0x00000000d5580000)
  object space 135680K, 36% used [0x0000000080000000,0x0000000083103c80,0x0000000088480000)
 Metaspace       used 84680K, capacity 88506K, committed 88792K, reserved 1126400K
  class space    used 11521K, capacity 12278K, committed 12288K, reserved 1048576K
}
Event: 2992.264 GC heap before
{Heap before GC invocations=19 (full 3):
 PSYoungGen      total 221696K, used 221692K [0x00000000d5580000, 0x00000000e7c80000, 0x0000000100000000)
  eden space 198144K, 100% used [0x00000000d5580000,0x00000000e1700000,0x00000000e1700000)
  from space 23552K, 99% used [0x00000000e1700000,0x00000000e2dff138,0x00000000e2e00000)
  to   space 31744K, 0% used [0x00000000e5d80000,0x00000000e5d80000,0x00000000e7c80000)
 ParOldGen       total 135680K, used 50191K [0x0000000080000000, 0x0000000088480000, 0x00000000d5580000)
  object space 135680K, 36% used [0x0000000080000000,0x0000000083103c80,0x0000000088480000)
 Metaspace       used 86075K, capacity 90344K, committed 90584K, reserved 1128448K
  class space    used 11619K, capacity 12447K, committed 12544K, reserved 1048576K
Event: 2992.295 GC heap after
Heap after GC invocations=19 (full 3):
 PSYoungGen      total 199168K, used 6742K [0x00000000d5580000, 0x00000000e6480000, 0x0000000100000000)
  eden space 192000K, 0% used [0x00000000d5580000,0x00000000d5580000,0x00000000e1100000)
  from space 7168K, 94% used [0x00000000e5d80000,0x00000000e6415ad8,0x00000000e6480000)
  to   space 31232K, 0% used [0x00000000e2780000,0x00000000e2780000,0x00000000e4600000)
 ParOldGen       total 135680K, used 59545K [0x0000000080000000, 0x0000000088480000, 0x00000000d5580000)
  object space 135680K, 43% used [0x0000000080000000,0x0000000083a26518,0x0000000088480000)
 Metaspace       used 86075K, capacity 90344K, committed 90584K, reserved 1128448K
  class space    used 11619K, capacity 12447K, committed 12544K, reserved 1048576K
}
Event: 2999.349 GC heap before
{Heap before GC invocations=20 (full 3):
 PSYoungGen      total 199168K, used 198742K [0x00000000d5580000, 0x00000000e6480000, 0x0000000100000000)
  eden space 192000K, 100% used [0x00000000d5580000,0x00000000e1100000,0x00000000e1100000)
  from space 7168K, 94% used [0x00000000e5d80000,0x00000000e6415ad8,0x00000000e6480000)
  to   space 31232K, 0% used [0x00000000e2780000,0x00000000e2780000,0x00000000e4600000)
 ParOldGen       total 135680K, used 59545K [0x0000000080000000, 0x0000000088480000, 0x00000000d5580000)
  object space 135680K, 43% used [0x0000000080000000,0x0000000083a26518,0x0000000088480000)
 Metaspace       used 89989K, capacity 94596K, committed 94808K, reserved 1130496K
  class space    used 11958K, capacity 12813K, committed 12928K, reserved 1048576K
Event: 2999.387 GC heap after
Heap after GC invocations=20 (full 3):
 PSYoungGen      total 205312K, used 19256K [0x00000000d5580000, 0x00000000e5e00000, 0x0000000100000000)
  eden space 185856K, 0% used [0x00000000d5580000,0x00000000d5580000,0x00000000e0b00000)
  from space 19456K, 98% used [0x00000000e2780000,0x00000000e3a4e060,0x00000000e3a80000)
  to   space 31744K, 0% used [0x00000000e3f00000,0x00000000e3f00000,0x00000000e5e00000)
 ParOldGen       total 135680K, used 59553K [0x0000000080000000, 0x0000000088480000, 0x00000000d5580000)
  object space 135680K, 43% used [0x0000000080000000,0x0000000083a28518,0x0000000088480000)
 Metaspace       used 89989K, capacity 94596K, committed 94808K, reserved 1130496K
  class space    used 11958K, capacity 12813K, committed 12928K, reserved 1048576K
}

Deoptimization events (10 events):
Event: 3130.864 Thread 0x000000001e469000 Uncommon trap: reason=class_check action=maybe_recompile pc=0x00000000060366a0 method=java.util.Spliterators$ArraySpliterator.tryAdvance(Ljava/util/function/Consumer;)Z @ 49
Event: 3130.905 Thread 0x000000001e469000 Uncommon trap: reason=class_check action=maybe_recompile pc=0x00000000060366a0 method=java.util.Spliterators$ArraySpliterator.tryAdvance(Ljava/util/function/Consumer;)Z @ 49
Event: 3131.464 Thread 0x000000001f366800 Uncommon trap: reason=unstable_if action=reinterpret pc=0x000000000482e4bc method=java.util.concurrent.locks.AbstractQueuedSynchronizer.enq(Ljava/util/concurrent/locks/AbstractQueuedSynchronizer$Node;)Ljava/util/concurrent/locks/AbstractQueuedSynchronizer
Event: 3131.910 Thread 0x000000001f363800 Uncommon trap: reason=unstable_if action=reinterpret pc=0x0000000004fd1974 method=java.lang.String.regionMatches(ZILjava/lang/String;II)Z @ 123
Event: 3132.003 Thread 0x000000001f363800 Uncommon trap: reason=bimorphic action=maybe_recompile pc=0x000000000574f788 method=com.sun.org.apache.xerces.internal.dom.CoreDocumentImpl.isKidOK(Lorg/w3c/dom/Node;Lorg/w3c/dom/Node;)Z @ 39
Event: 3132.004 Thread 0x000000001f363800 Uncommon trap: reason=class_check action=maybe_recompile pc=0x000000000577e1b8 method=com.sun.org.apache.xerces.internal.dom.NamedNodeMapImpl.item(I)Lorg/w3c/dom/Node; @ 33
Event: 3132.289 Thread 0x000000001f363800 Uncommon trap: reason=class_check action=maybe_recompile pc=0x00000000057b8794 method=com.android.utils.XmlUtils.append(Lcom/android/utils/XmlUtils$PositionAwareStringBuilder;Lorg/w3c/dom/Node;Ljava/util/Map;Ljava/util/Set;)V @ 400
Event: 3132.289 Thread 0x000000001f363800 Uncommon trap: reason=class_check action=maybe_recompile pc=0x00000000057b8794 method=com.android.utils.XmlUtils.append(Lcom/android/utils/XmlUtils$PositionAwareStringBuilder;Lorg/w3c/dom/Node;Ljava/util/Map;Ljava/util/Set;)V @ 400
Event: 3132.298 Thread 0x000000001f363800 Uncommon trap: reason=class_check action=maybe_recompile pc=0x00000000057b8794 method=com.android.utils.XmlUtils.append(Lcom/android/utils/XmlUtils$PositionAwareStringBuilder;Lorg/w3c/dom/Node;Ljava/util/Map;Ljava/util/Set;)V @ 400
Event: 3132.298 Thread 0x000000001f363800 Uncommon trap: reason=class_check action=maybe_recompile pc=0x00000000057b8794 method=com.android.utils.XmlUtils.append(Lcom/android/utils/XmlUtils$PositionAwareStringBuilder;Lorg/w3c/dom/Node;Ljava/util/Map;Ljava/util/Set;)V @ 400

Classes redefined (0 events):
No events

Internal exceptions (10 events):
Event: 3130.563 Thread 0x000000001e469000 Implicit null exception at 0x0000000003465560 to 0x000000000346579d
Event: 3130.566 Thread 0x000000001e469000 Exception <a 'java/lang/NoSuchMethodError': <clinit>> (0x00000000d9659538) thrown at [C:\src\AOSP-openjdk-git\hotspot\src\share\vm\prims\jni.cpp, line 1615]
Event: 3130.567 Thread 0x000000001e469000 Exception <a 'java/lang/NoSuchMethodError': <clinit>> (0x00000000d968aac8) thrown at [C:\src\AOSP-openjdk-git\hotspot\src\share\vm\prims\jni.cpp, line 1615]
Event: 3130.578 Thread 0x000000001e469000 Exception <a 'java/lang/NoSuchMethodError': <clinit>> (0x00000000d96e9538) thrown at [C:\src\AOSP-openjdk-git\hotspot\src\share\vm\prims\jni.cpp, line 1615]
Event: 3130.578 Thread 0x000000001e469000 Exception <a 'java/lang/NoSuchMethodError': <clinit>> (0x00000000d96ed578) thrown at [C:\src\AOSP-openjdk-git\hotspot\src\share\vm\prims\jni.cpp, line 1615]
Event: 3130.578 Thread 0x000000001e469000 Exception <a 'java/lang/NoSuchMethodError': <clinit>> (0x00000000d96eeeb0) thrown at [C:\src\AOSP-openjdk-git\hotspot\src\share\vm\prims\jni.cpp, line 1615]
Event: 3130.578 Thread 0x000000001e469000 Exception <a 'java/lang/NoSuchMethodError': <clinit>> (0x00000000d96f0360) thrown at [C:\src\AOSP-openjdk-git\hotspot\src\share\vm\prims\jni.cpp, line 1615]
Event: 3130.578 Thread 0x000000001e469000 Exception <a 'java/lang/NoSuchMethodError': <clinit>> (0x00000000d96f1a60) thrown at [C:\src\AOSP-openjdk-git\hotspot\src\share\vm\prims\jni.cpp, line 1615]
Event: 3130.579 Thread 0x000000001e469000 Exception <a 'java/lang/NoSuchMethodError': <clinit>> (0x00000000d96f3010) thrown at [C:\src\AOSP-openjdk-git\hotspot\src\share\vm\prims\jni.cpp, line 1615]
Event: 3130.579 Thread 0x000000001e469000 Exception <a 'java/lang/NoSuchMethodError': <clinit>> (0x00000000d96f4460) thrown at [C:\src\AOSP-openjdk-git\hotspot\src\share\vm\prims\jni.cpp, line 1615]

Events (10 events):
Event: 3132.289 Thread 0x000000001f363800 DEOPT UNPACKING pc=0x000000000338557b sp=0x0000000024c2ae18 mode 2
Event: 3132.289 Thread 0x000000001f363800 Uncommon trap: trap_request=0xffffffde fr.pc=0x00000000057b8794
Event: 3132.289 Thread 0x000000001f363800 DEOPT PACKING pc=0x00000000057b8794 sp=0x0000000024c2ae00
Event: 3132.289 Thread 0x000000001f363800 DEOPT UNPACKING pc=0x000000000338557b sp=0x0000000024c2ae18 mode 2
Event: 3132.298 Thread 0x000000001f363800 Uncommon trap: trap_request=0xffffffde fr.pc=0x00000000057b8794
Event: 3132.298 Thread 0x000000001f363800 DEOPT PACKING pc=0x00000000057b8794 sp=0x0000000024c2ae00
Event: 3132.298 Thread 0x000000001f363800 DEOPT UNPACKING pc=0x000000000338557b sp=0x0000000024c2ae18 mode 2
Event: 3132.298 Thread 0x000000001f363800 Uncommon trap: trap_request=0xffffffde fr.pc=0x00000000057b8794
Event: 3132.298 Thread 0x000000001f363800 DEOPT PACKING pc=0x00000000057b8794 sp=0x0000000024c2ae00
Event: 3132.298 Thread 0x000000001f363800 DEOPT UNPACKING pc=0x000000000338557b sp=0x0000000024c2ae18 mode 2


Dynamic libraries:
0x00007ff6df760000 - 0x00007ff6df791000 	C:\Program Files\Android\Android Studio\jre\bin\java.exe
0x00007ffc5d420000 - 0x00007ffc5d610000 	C:\WINDOWS\SYSTEM32\ntdll.dll
0x00007ffc5c4b0000 - 0x00007ffc5c562000 	C:\WINDOWS\System32\KERNEL32.DLL
0x00007ffc5a660000 - 0x00007ffc5a904000 	C:\WINDOWS\System32\KERNELBASE.dll
0x00007ffc5c2a0000 - 0x00007ffc5c343000 	C:\WINDOWS\System32\ADVAPI32.dll
0x00007ffc5d150000 - 0x00007ffc5d1ee000 	C:\WINDOWS\System32\msvcrt.dll
0x00007ffc5b660000 - 0x00007ffc5b6f7000 	C:\WINDOWS\System32\sechost.dll
0x00007ffc5d2c0000 - 0x00007ffc5d3e0000 	C:\WINDOWS\System32\RPCRT4.dll
0x00007ffc5bb00000 - 0x00007ffc5bc95000 	C:\WINDOWS\System32\USER32.dll
0x00007ffc5aa60000 - 0x00007ffc5aa81000 	C:\WINDOWS\System32\win32u.dll
0x00007ffc5b5b0000 - 0x00007ffc5b5d6000 	C:\WINDOWS\System32\GDI32.dll
0x00007ffc5a4c0000 - 0x00007ffc5a656000 	C:\WINDOWS\System32\gdi32full.dll
0x00007ffc5a910000 - 0x00007ffc5a9ae000 	C:\WINDOWS\System32\msvcp_win.dll
0x00007ffc5a3c0000 - 0x00007ffc5a4ba000 	C:\WINDOWS\System32\ucrtbase.dll
0x00007ffc49960000 - 0x00007ffc49be4000 	C:\WINDOWS\WinSxS\amd64_microsoft.windows.common-controls_6595b64144ccf1df_6.0.18362.1016_none_9e7a36bbe461dae4\COMCTL32.dll
0x00007ffc5bd70000 - 0x00007ffc5c0a5000 	C:\WINDOWS\System32\combase.dll
0x00007ffc5a9e0000 - 0x00007ffc5aa60000 	C:\WINDOWS\System32\bcryptPrimitives.dll
0x00007ffc5ba10000 - 0x00007ffc5ba3e000 	C:\WINDOWS\System32\IMM32.DLL
0x0000000059be0000 - 0x0000000059cb2000 	C:\Program Files\Android\Android Studio\jre\jre\bin\msvcr100.dll
0x0000000059cc0000 - 0x000000005a50b000 	C:\Program Files\Android\Android Studio\jre\jre\bin\server\jvm.dll
0x00007ffc5b5a0000 - 0x00007ffc5b5a8000 	C:\WINDOWS\System32\PSAPI.DLL
0x00007ffc477e0000 - 0x00007ffc477e9000 	C:\WINDOWS\SYSTEM32\WSOCK32.dll
0x00007ffc5c350000 - 0x00007ffc5c3bf000 	C:\WINDOWS\System32\WS2_32.dll
0x00007ffc58230000 - 0x00007ffc58254000 	C:\WINDOWS\SYSTEM32\WINMM.dll
0x00007ffc4b980000 - 0x00007ffc4b98a000 	C:\WINDOWS\SYSTEM32\VERSION.dll
0x00007ffc57db0000 - 0x00007ffc57ddd000 	C:\WINDOWS\SYSTEM32\WINMMBASE.dll
0x00007ffc5b3d0000 - 0x00007ffc5b41a000 	C:\WINDOWS\System32\cfgmgr32.dll
0x00007ffc44c00000 - 0x00007ffc44c0f000 	C:\Program Files\Android\Android Studio\jre\jre\bin\verify.dll
0x00007ffc3cf60000 - 0x00007ffc3cf89000 	C:\Program Files\Android\Android Studio\jre\jre\bin\java.dll
0x00007ffc44690000 - 0x00007ffc446a6000 	C:\Program Files\Android\Android Studio\jre\jre\bin\zip.dll
0x00007ffc5ca60000 - 0x00007ffc5d147000 	C:\WINDOWS\System32\SHELL32.dll
0x00007ffc5ba40000 - 0x00007ffc5bae9000 	C:\WINDOWS\System32\shcore.dll
0x00007ffc5ac40000 - 0x00007ffc5b3c2000 	C:\WINDOWS\System32\windows.storage.dll
0x00007ffc5a370000 - 0x00007ffc5a393000 	C:\WINDOWS\System32\profapi.dll
0x00007ffc5a300000 - 0x00007ffc5a34a000 	C:\WINDOWS\System32\powrprof.dll
0x00007ffc5a2d0000 - 0x00007ffc5a2e0000 	C:\WINDOWS\System32\UMPDC.dll
0x00007ffc5b530000 - 0x00007ffc5b582000 	C:\WINDOWS\System32\shlwapi.dll
0x00007ffc5a2e0000 - 0x00007ffc5a2f1000 	C:\WINDOWS\System32\kernel.appcore.dll
0x00007ffc5a3a0000 - 0x00007ffc5a3b7000 	C:\WINDOWS\System32\cryptsp.dll
0x00007ffc441e0000 - 0x00007ffc441fa000 	C:\Program Files\Android\Android Studio\jre\jre\bin\net.dll
0x00007ffc59ad0000 - 0x00007ffc59b37000 	C:\WINDOWS\system32\mswsock.dll
0x00007ffc42dc0000 - 0x00007ffc42dd3000 	C:\Program Files\Android\Android Studio\jre\jre\bin\nio.dll
0x00007ffc53b10000 - 0x00007ffc53b36000 	C:\Users\82105\.gradle\native\31\windows-amd64\native-platform.dll
0x00007ffc44aa0000 - 0x00007ffc44aad000 	C:\Program Files\Android\Android Studio\jre\jre\bin\management.dll
0x00007ffc59640000 - 0x00007ffc59673000 	C:\WINDOWS\system32\rsaenh.dll
0x00007ffc5a9b0000 - 0x00007ffc5a9d6000 	C:\WINDOWS\System32\bcrypt.dll
0x00007ffc5a1f0000 - 0x00007ffc5a215000 	C:\WINDOWS\SYSTEM32\USERENV.dll
0x00007ffc59ca0000 - 0x00007ffc59cac000 	C:\WINDOWS\SYSTEM32\CRYPTBASE.dll
0x00007ffc597e0000 - 0x00007ffc5981a000 	C:\WINDOWS\SYSTEM32\IPHLPAPI.DLL
0x00007ffc5b590000 - 0x00007ffc5b598000 	C:\WINDOWS\System32\NSI.dll
0x00007ffc4e5f0000 - 0x00007ffc4e606000 	C:\WINDOWS\SYSTEM32\dhcpcsvc6.DLL
0x00007ffc50170000 - 0x00007ffc5018c000 	C:\WINDOWS\SYSTEM32\dhcpcsvc.DLL
0x00007ffc59820000 - 0x00007ffc598eb000 	C:\WINDOWS\SYSTEM32\DNSAPI.dll
0x00007ffc584e0000 - 0x00007ffc5856f000 	C:\WINDOWS\system32\apphelp.dll

VM Arguments:
jvm_args: -Xmx2048m -Dfile.encoding=x-windows-949 -Duser.country=KR -Duser.language=ko -Duser.variant 
java_command: org.gradle.launcher.daemon.bootstrap.GradleDaemon 6.1.1
java_class_path (initial): C:\Users\82105\.gradle\wrapper\dists\gradle-6.1.1-all\cfmwm155h49vnt3hynmlrsdst\gradle-6.1.1\lib\gradle-launcher-6.1.1.jar
Launcher Type: SUN_STANDARD

Environment Variables:
PATH=C:\WinAVR-20100110\bin;C:\WinAVR-20100110\utils\bin;C:\WINDOWS\system32;C:\WINDOWS;C:\WINDOWS\System32\Wbem;C:\WINDOWS\System32\WindowsPowerShell\v1.0\;C:\WINDOWS\System32\OpenSSH\;C:\Program Files\PostgreSQL\12\bin;C:\Program Files\dotnet\;C:\Users\82105\AppData\Local\Microsoft\WindowsApps;
USERNAME=82105
OS=Windows_NT
PROCESSOR_IDENTIFIER=Intel64 Family 6 Model 61 Stepping 4, GenuineIntel



---------------  S Y S T E M  ---------------

OS: Windows 10.0 , 64 bit Build 18362 (10.0.18362.959)

CPU:total 4 (initial active 4) (2 cores per cpu, 2 threads per core) family 6 model 61 stepping 4, cmov, cx8, fxsr, mmx, sse, sse2, sse3, ssse3, sse4.1, sse4.2, popcnt, avx, avx2, aes, clmul, erms, 3dnowpref, lzcnt, ht, tsc, tscinvbit, bmi1, bmi2, adx

Memory: 4k page, physical 8302164k(730376k free), swap 8302164k(5816k free)

vm_info: OpenJDK 64-Bit Server VM (25.242-b01) for windows-amd64 JRE (1.8.0_242-release-1644-b01), built by "builder" with MS VC++ 10.0 (VS2010)

time: Mon Aug 31 00:22:44 2020
timezone: 대한민국 표준시
elapsed time: 3132 seconds (0d 0h 52m 12s)

