#
# There is insufficient memory for the Java Runtime Environment to continue.
# Native memory allocation (malloc) failed to allocate 1124944 bytes for Chunk::new
# Possible reasons:
#   The system is out of physical RAM or swap space
#   The process is running with CompressedOops enabled, and the Java Heap may be blocking the growth of the native heap
# Possible solutions:
#   Reduce memory load on the system
#   Increase physical memory or swap space
#   Check if swap backing store is full
#   Decrease Java heap size (-Xmx/-Xms)
#   Decrease number of Java threads
#   Decrease Java thread stack sizes (-Xss)
#   Set larger code cache with -XX:ReservedCodeCacheSize=
#   JVM is running with Unscaled Compressed Oops mode in which the Java heap is
#     placed in the first 4GB address space. The Java Heap base address is the
#     maximum limit for the native heap growth. Please use -XX:HeapBaseMinAddress
#     to set the Java Heap base and to place the Java Heap above 4GB virtual address.
# This output file may be truncated or incomplete.
#
#  Out of Memory Error (allocation.cpp:389), pid=3812, tid=0x00000000000021a4
#
# JRE version: OpenJDK Runtime Environment (8.0_242-b01) (build 1.8.0_242-release-1644-b01)
# Java VM: OpenJDK 64-Bit Server VM (25.242-b01 mixed mode windows-amd64 compressed oops)
# Failed to write core dump. Minidumps are not enabled by default on client versions of Windows
#

---------------  T H R E A D  ---------------

Current thread (0x0000000017c3d800):  JavaThread "C2 CompilerThread1" daemon [_thread_in_native, id=8612, stack(0x0000000019710000,0x0000000019810000)]

Stack: [0x0000000019710000,0x0000000019810000]
[error occurred during error reporting (printing stack bounds), id 0xc0000005]

Native frames: (J=compiled Java code, j=interpreted, Vv=VM code, C=native code)


Current CompileTask:
C2:2419934 21631       4       com.android.utils.PositionXmlParser::getPositionHelper (757 bytes)


---------------  P R O C E S S  ---------------

Java Threads: ( => current thread )
  0x000000001dae6000 JavaThread "WorkerExecutor Queue Thread 5" [_thread_blocked, id=7228, stack(0x0000000028940000,0x0000000028a40000)]
  0x000000001dae7000 JavaThread "stdout" [_thread_in_native, id=7120, stack(0x0000000029180000,0x0000000029280000)]
  0x000000001b5bf800 JavaThread "stderr" [_thread_in_native, id=7352, stack(0x0000000029080000,0x0000000029180000)]
  0x000000001b5bb000 JavaThread "stdout" [_thread_in_native, id=8688, stack(0x0000000028f80000,0x0000000029080000)]
  0x000000001b5bf000 JavaThread "stderr" [_thread_in_native, id=9192, stack(0x0000000028e80000,0x0000000028f80000)]
  0x000000001b5ba800 JavaThread "stdout" [_thread_in_native, id=5572, stack(0x0000000028d80000,0x0000000028e80000)]
  0x0000000020165800 JavaThread "stderr" [_thread_in_native, id=2552, stack(0x0000000027670000,0x0000000027770000)]
  0x0000000020164800 JavaThread "WorkerExecutor Queue Thread 4" [_thread_blocked, id=7856, stack(0x0000000026d70000,0x0000000026e70000)]
  0x0000000020163000 JavaThread "stdout" [_thread_in_native, id=7828, stack(0x0000000026670000,0x0000000026770000)]
  0x000000002015b000 JavaThread "stderr" [_thread_in_native, id=6964, stack(0x0000000026470000,0x0000000026570000)]
  0x000000002015a000 JavaThread "pool-31-thread-1" [_thread_blocked, id=6072, stack(0x0000000025f70000,0x0000000026070000)]
  0x0000000020161000 JavaThread "WorkerExecutor Queue Thread 3" [_thread_blocked, id=1928, stack(0x0000000025e70000,0x0000000025f70000)]
  0x0000000020160000 JavaThread "WorkerExecutor Queue Thread 2" [_thread_blocked, id=1632, stack(0x0000000025d70000,0x0000000025e70000)]
  0x000000001f0c5000 JavaThread "WorkerExecutor Queue" [_thread_blocked, id=4280, stack(0x0000000025770000,0x0000000025870000)]
  0x000000001f0c3000 JavaThread "Cache worker for execution history cache (C:\Users\82105\Desktop\2\WaterFee\.gradle\6.1.1\executionHistory)" [_thread_blocked, id=4364, stack(0x0000000025670000,0x0000000025770000)]
  0x000000001f0c4800 JavaThread "Execution worker for ':' Thread 3" [_thread_blocked, id=1016, stack(0x0000000025570000,0x0000000025670000)]
  0x000000001f0bb800 JavaThread "Execution worker for ':' Thread 2" [_thread_blocked, id=4184, stack(0x0000000025470000,0x0000000025570000)]
  0x000000001f0c2000 JavaThread "Execution worker for ':'" [_thread_blocked, id=6316, stack(0x0000000024b20000,0x0000000024c20000)]
  0x000000001f0bd800 JavaThread "Cache worker for file content cache (C:\Users\82105\Desktop\2\WaterFee\.gradle\6.1.1\fileContent)" [_thread_blocked, id=6920, stack(0x0000000024a20000,0x0000000024b20000)]
  0x000000001f0c0800 JavaThread "Cache worker for Build Output Cleanup Cache (C:\Users\82105\Desktop\2\WaterFee\.gradle\buildOutputCleanup)" [_thread_blocked, id=3012, stack(0x0000000024920000,0x0000000024a20000)]
  0x000000001f0ba800 JavaThread "Build operations Thread 4" [_thread_blocked, id=7276, stack(0x0000000024820000,0x0000000024920000)]
  0x000000001f0b8800 JavaThread "Build operations Thread 3" [_thread_blocked, id=5416, stack(0x0000000024520000,0x0000000024620000)]
  0x000000001f0bc000 JavaThread "Build operations Thread 2" [_thread_blocked, id=8520, stack(0x0000000021f60000,0x0000000022060000)]
  0x000000001f0bd000 JavaThread "Build operations" [_thread_blocked, id=2124, stack(0x0000000021e60000,0x0000000021f60000)]
  0x000000001f0bf000 JavaThread "Cache worker for cache directory md-rule (C:\Users\82105\.gradle\caches\6.1.1\md-rule)" [_thread_blocked, id=2596, stack(0x0000000021d60000,0x0000000021e60000)]
  0x000000001f22d000 JavaThread "Cache worker for cache directory md-supplier (C:\Users\82105\.gradle\caches\6.1.1\md-supplier)" [_thread_blocked, id=6008, stack(0x0000000021c60000,0x0000000021d60000)]
  0x000000001f22c000 JavaThread "Cache worker for file hash cache (C:\Users\82105\Desktop\2\WaterFee\.gradle\6.1.1\fileHashes)" [_thread_blocked, id=7792, stack(0x0000000021b60000,0x0000000021c60000)]
  0x000000001f22a800 JavaThread "Cache worker for checksums cache (C:\Users\82105\Desktop\2\WaterFee\.gradle\checksums)" [_thread_blocked, id=1440, stack(0x0000000020d60000,0x0000000020e60000)]
  0x000000001f22e800 JavaThread "Thread-303" [_thread_blocked, id=8436, stack(0x0000000020c60000,0x0000000020d60000)]
  0x000000001f223000 JavaThread "Stdin handler" [_thread_blocked, id=7360, stack(0x000000001d090000,0x000000001d190000)]
  0x000000001f220000 JavaThread "Asynchronous log dispatcher for DefaultDaemonConnection: socket connection from /127.0.0.1:1324 to /127.0.0.1:2277" [_thread_blocked, id=5748, stack(0x000000001cf90000,0x000000001d090000)]
  0x000000001f227000 JavaThread "Daemon worker Thread 8" [_thread_blocked, id=2612, stack(0x000000001ce90000,0x000000001cf90000)]
  0x000000001f221800 JavaThread "Cancel handler" [_thread_blocked, id=4300, stack(0x000000001cd90000,0x000000001ce90000)]
  0x000000001f225800 JavaThread "Handler for socket connection from /127.0.0.1:1324 to /127.0.0.1:2277" [_thread_in_native, id=5768, stack(0x000000001c890000,0x000000001c990000)]
  0x000000001f224800 JavaThread "Daemon Thread 8" [_thread_blocked, id=5024, stack(0x00000000010e0000,0x00000000011e0000)]
  0x000000001f22a000 JavaThread "Cache worker for Java compile cache (C:\Users\82105\.gradle\caches\6.1.1\javaCompile)" [_thread_blocked, id=2516, stack(0x0000000026570000,0x0000000026670000)]
  0x000000002015e000 JavaThread "Cache worker for file content cache (C:\Users\82105\.gradle\caches\6.1.1\fileContent)" [_thread_blocked, id=4396, stack(0x0000000024420000,0x0000000024520000)]
  0x000000002015b800 JavaThread "Memory manager" [_thread_blocked, id=5532, stack(0x00000000224b0000,0x00000000225b0000)]
  0x000000001b5bc000 JavaThread "Cache worker for execution history cache (C:\Users\82105\.gradle\caches\6.1.1\executionHistory)" [_thread_blocked, id=4992, stack(0x0000000021060000,0x0000000021160000)]
  0x000000001b5b9800 JavaThread "Cache worker for file hash cache (C:\Users\82105\.gradle\caches\6.1.1\fileHashes)" [_thread_blocked, id=7088, stack(0x000000001d590000,0x000000001d690000)]
  0x000000001b5c0800 JavaThread "File lock request listener" [_thread_in_native, id=6792, stack(0x000000001d490000,0x000000001d590000)]
  0x000000001b2de000 JavaThread "Cache worker for journal cache (C:\Users\82105\.gradle\caches\journal-1)" [_thread_blocked, id=1252, stack(0x000000001d390000,0x000000001d490000)]
  0x000000001b430000 JavaThread "Daemon periodic checks" [_thread_blocked, id=3420, stack(0x000000001c790000,0x000000001c890000)]
  0x000000001b3d9800 JavaThread "Incoming local TCP Connector on port 1324" [_thread_in_native, id=1044, stack(0x000000001c5b0000,0x000000001c6b0000)]
  0x00000000190e3800 JavaThread "Daemon health stats" [_thread_blocked, id=3116, stack(0x000000001c4b0000,0x000000001c5b0000)]
  0x000000001909c000 JavaThread "Service Thread" daemon [_thread_blocked, id=5692, stack(0x0000000019910000,0x0000000019a10000)]
  0x0000000019022000 JavaThread "C1 CompilerThread2" daemon [_thread_blocked, id=4080, stack(0x0000000019810000,0x0000000019910000)]
=>0x0000000017c3d800 JavaThread "C2 CompilerThread1" daemon [_thread_in_native, id=8612, stack(0x0000000019710000,0x0000000019810000)]
  0x0000000017c8e000 JavaThread "C2 CompilerThread0" daemon [_thread_blocked, id=5008, stack(0x0000000019610000,0x0000000019710000)]
  0x0000000017c8c800 JavaThread "Attach Listener" daemon [_thread_blocked, id=3376, stack(0x0000000019510000,0x0000000019610000)]
  0x0000000019018800 JavaThread "Signal Dispatcher" daemon [_thread_blocked, id=7660, stack(0x0000000019410000,0x0000000019510000)]
  0x000000000300b000 JavaThread "Finalizer" daemon [_thread_blocked, id=9164, stack(0x0000000018e80000,0x0000000018f80000)]
  0x0000000017c19000 JavaThread "Reference Handler" daemon [_thread_blocked, id=5684, stack(0x0000000018d80000,0x0000000018e80000)]
  0x0000000002f0e000 JavaThread "main" [_thread_blocked, id=716, stack(0x0000000002d60000,0x0000000002e60000)]

Other Threads:
  0x0000000017bf6800 VMThread [stack: 0x0000000018c80000,0x0000000018d80000] [id=7948]
  0x000000001909d000 WatcherThread [stack: 0x0000000019a10000,0x0000000019b10000] [id=6264]

VM state:not at safepoint (normal execution)

VM Mutex/Monitor currently owned by a thread: None

heap address: 0x0000000080000000, size: 2048 MB, Compressed Oops mode: 32-bit
Narrow klass base: 0x0000000000000000, Narrow klass shift: 3
Compressed class space size: 1073741824 Address: 0x0000000100000000

Heap:
 PSYoungGen      total 220160K, used 20300K [0x00000000d5580000, 0x00000000e4480000, 0x0000000100000000)
  eden space 199168K, 5% used [0x00000000d5580000,0x00000000d5f758c8,0x00000000e1800000)
  from space 20992K, 48% used [0x00000000e1800000,0x00000000e21dd860,0x00000000e2c80000)
  to   space 19968K, 0% used [0x00000000e3100000,0x00000000e3100000,0x00000000e4480000)
 ParOldGen       total 202752K, used 47170K [0x0000000080000000, 0x000000008c600000, 0x00000000d5580000)
  object space 202752K, 23% used [0x0000000080000000,0x0000000082e10b38,0x000000008c600000)
 Metaspace       used 95967K, capacity 101737K, committed 102104K, reserved 1138688K
  class space    used 12423K, capacity 13442K, committed 13568K, reserved 1048576K

Card table byte_map: [0x00000000123d0000,0x00000000127e0000] byte_map_base: 0x0000000011fd0000

Marking Bits: (ParMarkBitMap*) 0x0000000060f2f030
 Begin Bits: [0x0000000012e90000, 0x0000000014e90000)
 End Bits:   [0x0000000014e90000, 0x0000000016e90000)

Polling page: 0x0000000000d00000

CodeCache: size=245760Kb used=61316Kb max_used=61399Kb free=184443Kb
 bounds [0x0000000003010000, 0x0000000006c60000, 0x0000000012010000]
 total_blobs=18248 nmethods=17363 adapters=794
 compilation: enabled

Compilation events (10 events):
Event: 2418.502 Thread 0x0000000019022000 nmethod 21681 0x0000000003e0bc90 code [0x0000000003e0bf60, 0x0000000003e0d278]
Event: 2418.504 Thread 0x0000000019022000 21682       3       com.android.builder.internal.aapt.v2.AaptV2CommandBuilder$makeLinkCommand$$inlined$sortedBy$1::<init> (5 bytes)
Event: 2418.504 Thread 0x0000000019022000 nmethod 21682 0x00000000048d6fd0 code [0x00000000048d7120, 0x00000000048d72d0]
Event: 2418.506 Thread 0x0000000019022000 21683       3       kotlin.collections.CollectionsKt___CollectionsKt::sortedWith (137 bytes)
Event: 2418.508 Thread 0x0000000019022000 nmethod 21683 0x0000000003e09490 code [0x0000000003e09800, 0x0000000003e0af18]
Event: 2418.524 Thread 0x0000000017c8e000 nmethod 21671 0x0000000006c58cd0 code [0x0000000006c58f80, 0x0000000006c5aa20]
Event: 2418.526 Thread 0x0000000017c8e000 21672       4       org.gradle.tooling.internal.provider.runner.OperationDependenciesResolver$$Lambda$496/276174626::apply (12 bytes)
Event: 2418.532 Thread 0x0000000017c8e000 nmethod 21672 0x0000000003e08790 code [0x0000000003e08920, 0x0000000003e08ce8]
Event: 2418.534 Thread 0x0000000017c8e000 21673       4       org.gradle.tooling.internal.provider.runner.ClientForwardingTaskOperationListener::lookupExistingOperationDescriptor (43 bytes)
Event: 2418.538 Thread 0x0000000017c8e000 nmethod 21673 0x0000000004248590 code [0x0000000004248720, 0x0000000004248a88]

GC Heap History (10 events):
Event: 2014.959 GC heap before
{Heap before GC invocations=27 (full 4):
 PSYoungGen      total 198656K, used 197375K [0x00000000d5580000, 0x00000000e3400000, 0x0000000100000000)
  eden space 179200K, 100% used [0x00000000d5580000,0x00000000e0480000,0x00000000e0480000)
  from space 19456K, 93% used [0x00000000e1980000,0x00000000e2b3fe28,0x00000000e2c80000)
  to   space 21504K, 0% used [0x00000000e0480000,0x00000000e0480000,0x00000000e1980000)
 ParOldGen       total 202752K, used 47138K [0x0000000080000000, 0x000000008c600000, 0x00000000d5580000)
  object space 202752K, 23% used [0x0000000080000000,0x0000000082e08b38,0x000000008c600000)
 Metaspace       used 94860K, capacity 100415K, committed 100696K, reserved 1136640K
  class space    used 12353K, capacity 13361K, committed 13440K, reserved 1048576K
Event: 2015.007 GC heap after
Heap after GC invocations=27 (full 4):
 PSYoungGen      total 200704K, used 16642K [0x00000000d5580000, 0x00000000e4080000, 0x0000000100000000)
  eden space 179200K, 0% used [0x00000000d5580000,0x00000000d5580000,0x00000000e0480000)
  from space 21504K, 77% used [0x00000000e0480000,0x00000000e14c0940,0x00000000e1980000)
  to   space 22528K, 0% used [0x00000000e2a80000,0x00000000e2a80000,0x00000000e4080000)
 ParOldGen       total 202752K, used 47146K [0x0000000080000000, 0x000000008c600000, 0x00000000d5580000)
  object space 202752K, 23% used [0x0000000080000000,0x0000000082e0ab38,0x000000008c600000)
 Metaspace       used 94860K, capacity 100415K, committed 100696K, reserved 1136640K
  class space    used 12353K, capacity 13361K, committed 13440K, reserved 1048576K
}
Event: 2118.725 GC heap before
{Heap before GC invocations=28 (full 4):
 PSYoungGen      total 200704K, used 195842K [0x00000000d5580000, 0x00000000e4080000, 0x0000000100000000)
  eden space 179200K, 100% used [0x00000000d5580000,0x00000000e0480000,0x00000000e0480000)
  from space 21504K, 77% used [0x00000000e0480000,0x00000000e14c0940,0x00000000e1980000)
  to   space 22528K, 0% used [0x00000000e2a80000,0x00000000e2a80000,0x00000000e4080000)
 ParOldGen       total 202752K, used 47146K [0x0000000080000000, 0x000000008c600000, 0x00000000d5580000)
  object space 202752K, 23% used [0x0000000080000000,0x0000000082e0ab38,0x000000008c600000)
 Metaspace       used 95178K, capacity 100901K, committed 100952K, reserved 1136640K
  class space    used 12386K, capacity 13420K, committed 13440K, reserved 1048576K
Event: 2118.746 GC heap after
Heap after GC invocations=28 (full 4):
 PSYoungGen      total 211968K, used 5043K [0x00000000d5580000, 0x00000000e3d80000, 0x0000000100000000)
  eden space 192512K, 0% used [0x00000000d5580000,0x00000000d5580000,0x00000000e1180000)
  from space 19456K, 25% used [0x00000000e2a80000,0x00000000e2f6cce8,0x00000000e3d80000)
  to   space 22528K, 0% used [0x00000000e1180000,0x00000000e1180000,0x00000000e2780000)
 ParOldGen       total 202752K, used 47154K [0x0000000080000000, 0x000000008c600000, 0x00000000d5580000)
  object space 202752K, 23% used [0x0000000080000000,0x0000000082e0cb38,0x000000008c600000)
 Metaspace       used 95178K, capacity 100901K, committed 100952K, reserved 1136640K
  class space    used 12386K, capacity 13420K, committed 13440K, reserved 1048576K
}
Event: 2178.318 GC heap before
{Heap before GC invocations=29 (full 4):
 PSYoungGen      total 211968K, used 197555K [0x00000000d5580000, 0x00000000e3d80000, 0x0000000100000000)
  eden space 192512K, 100% used [0x00000000d5580000,0x00000000e1180000,0x00000000e1180000)
  from space 19456K, 25% used [0x00000000e2a80000,0x00000000e2f6cce8,0x00000000e3d80000)
  to   space 22528K, 0% used [0x00000000e1180000,0x00000000e1180000,0x00000000e2780000)
 ParOldGen       total 202752K, used 47154K [0x0000000080000000, 0x000000008c600000, 0x00000000d5580000)
  object space 202752K, 23% used [0x0000000080000000,0x0000000082e0cb38,0x000000008c600000)
 Metaspace       used 95304K, capacity 101109K, committed 101208K, reserved 1136640K
  class space    used 12388K, capacity 13422K, committed 13440K, reserved 1048576K
Event: 2178.344 GC heap after
Heap after GC invocations=29 (full 4):
 PSYoungGen      total 215040K, used 9264K [0x00000000d5580000, 0x00000000e4500000, 0x0000000100000000)
  eden space 192512K, 0% used [0x00000000d5580000,0x00000000d5580000,0x00000000e1180000)
  from space 22528K, 41% used [0x00000000e1180000,0x00000000e1a8c040,0x00000000e2780000)
  to   space 22016K, 0% used [0x00000000e2f80000,0x00000000e2f80000,0x00000000e4500000)
 ParOldGen       total 202752K, used 47154K [0x0000000080000000, 0x000000008c600000, 0x00000000d5580000)
  object space 202752K, 23% used [0x0000000080000000,0x0000000082e0cb38,0x000000008c600000)
 Metaspace       used 95304K, capacity 101109K, committed 101208K, reserved 1136640K
  class space    used 12388K, capacity 13422K, committed 13440K, reserved 1048576K
}
Event: 2347.761 GC heap before
{Heap before GC invocations=30 (full 4):
 PSYoungGen      total 215040K, used 201776K [0x00000000d5580000, 0x00000000e4500000, 0x0000000100000000)
  eden space 192512K, 100% used [0x00000000d5580000,0x00000000e1180000,0x00000000e1180000)
  from space 22528K, 41% used [0x00000000e1180000,0x00000000e1a8c040,0x00000000e2780000)
  to   space 22016K, 0% used [0x00000000e2f80000,0x00000000e2f80000,0x00000000e4500000)
 ParOldGen       total 202752K, used 47154K [0x0000000080000000, 0x000000008c600000, 0x00000000d5580000)
  object space 202752K, 23% used [0x0000000080000000,0x0000000082e0cb38,0x000000008c600000)
 Metaspace       used 95398K, capacity 101185K, committed 101208K, reserved 1136640K
  class space    used 12389K, capacity 13424K, committed 13440K, reserved 1048576K
Event: 2347.778 GC heap after
Heap after GC invocations=30 (full 4):
 PSYoungGen      total 217088K, used 10864K [0x00000000d5580000, 0x00000000e4100000, 0x0000000100000000)
  eden space 199168K, 0% used [0x00000000d5580000,0x00000000d5580000,0x00000000e1800000)
  from space 17920K, 60% used [0x00000000e2f80000,0x00000000e3a1c040,0x00000000e4100000)
  to   space 20992K, 0% used [0x00000000e1800000,0x00000000e1800000,0x00000000e2c80000)
 ParOldGen       total 202752K, used 47162K [0x0000000080000000, 0x000000008c600000, 0x00000000d5580000)
  object space 202752K, 23% used [0x0000000080000000,0x0000000082e0eb38,0x000000008c600000)
 Metaspace       used 95398K, capacity 101185K, committed 101208K, reserved 1136640K
  class space    used 12389K, capacity 13424K, committed 13440K, reserved 1048576K
}
Event: 2418.126 GC heap before
{Heap before GC invocations=31 (full 4):
 PSYoungGen      total 217088K, used 210032K [0x00000000d5580000, 0x00000000e4100000, 0x0000000100000000)
  eden space 199168K, 100% used [0x00000000d5580000,0x00000000e1800000,0x00000000e1800000)
  from space 17920K, 60% used [0x00000000e2f80000,0x00000000e3a1c040,0x00000000e4100000)
  to   space 20992K, 0% used [0x00000000e1800000,0x00000000e1800000,0x00000000e2c80000)
 ParOldGen       total 202752K, used 47162K [0x0000000080000000, 0x000000008c600000, 0x00000000d5580000)
  object space 202752K, 23% used [0x0000000080000000,0x0000000082e0eb38,0x000000008c600000)
 Metaspace       used 95960K, capacity 101737K, committed 102104K, reserved 1138688K
  class space    used 12423K, capacity 13442K, committed 13568K, reserved 1048576K
Event: 2418.158 GC heap after
Heap after GC invocations=31 (full 4):
 PSYoungGen      total 220160K, used 10102K [0x00000000d5580000, 0x00000000e4480000, 0x0000000100000000)
  eden space 199168K, 0% used [0x00000000d5580000,0x00000000d5580000,0x00000000e1800000)
  from space 20992K, 48% used [0x00000000e1800000,0x00000000e21dd860,0x00000000e2c80000)
  to   space 19968K, 0% used [0x00000000e3100000,0x00000000e3100000,0x00000000e4480000)
 ParOldGen       total 202752K, used 47170K [0x0000000080000000, 0x000000008c600000, 0x00000000d5580000)
  object space 202752K, 23% used [0x0000000080000000,0x0000000082e10b38,0x000000008c600000)
 Metaspace       used 95960K, capacity 101737K, committed 102104K, reserved 1138688K
  class space    used 12423K, capacity 13442K, committed 13568K, reserved 1048576K
}

Deoptimization events (10 events):
Event: 2417.066 Thread 0x000000001f0c4800 Uncommon trap: reason=class_check action=maybe_recompile pc=0x000000000571e7c0 method=com.android.ide.common.resources.NodeUtils.duplicateNode(Lorg/w3c/dom/Document;Lorg/w3c/dom/Node;)Lorg/w3c/dom/Node; @ 1
Event: 2417.066 Thread 0x000000001f0c4800 Uncommon trap: reason=class_check action=maybe_recompile pc=0x000000000571e7c0 method=com.android.ide.common.resources.NodeUtils.duplicateNode(Lorg/w3c/dom/Document;Lorg/w3c/dom/Node;)Lorg/w3c/dom/Node; @ 1
Event: 2417.066 Thread 0x000000001f0c4800 Uncommon trap: reason=class_check action=maybe_recompile pc=0x000000000571e7c0 method=com.android.ide.common.resources.NodeUtils.duplicateNode(Lorg/w3c/dom/Document;Lorg/w3c/dom/Node;)Lorg/w3c/dom/Node; @ 1
Event: 2417.070 Thread 0x000000001f0c4800 Uncommon trap: reason=unstable_if action=reinterpret pc=0x0000000006a43158 method=com.sun.org.apache.xerces.internal.dom.ParentNode.checkNormalizationAfterInsert(Lcom/sun/org/apache/xerces/internal/dom/ChildNode;)V @ 27
Event: 2417.070 Thread 0x000000001f0c4800 Uncommon trap: reason=unstable_if action=reinterpret pc=0x0000000006383ab8 method=com.sun.org.apache.xerces.internal.dom.ParentNode.checkNormalizationAfterInsert(Lcom/sun/org/apache/xerces/internal/dom/ChildNode;)V @ 27
Event: 2417.581 Thread 0x000000001b5bf800 Uncommon trap: reason=unstable_if action=reinterpret pc=0x000000000487b094 method=java.io.BufferedReader.readLine(Z)Ljava/lang/String; @ 265
Event: 2417.950 Thread 0x000000001f0bb800 Uncommon trap: reason=unstable_if action=reinterpret pc=0x0000000004d14c14 method=org.gradle.internal.snapshot.impl.AbstractScalarValueSnapshot.snapshot(Ljava/lang/Object;Lorg/gradle/internal/snapshot/ValueSnapshotter;)Lorg/gradle/internal/snapshot/ValueS
Event: 2417.950 Thread 0x000000001f0bb800 Uncommon trap: reason=null_assert action=make_not_entrant pc=0x00000000069d99b4 method=org.gradle.internal.snapshot.impl.DefaultValueSnapshotter.processValue(Ljava/lang/Object;Lorg/gradle/internal/snapshot/impl/DefaultValueSnapshotter$ValueVisitor;)Ljava/
Event: 2417.954 Thread 0x000000001f0bb800 Uncommon trap: reason=unstable_if action=reinterpret pc=0x0000000003a5c564 method=com.google.common.collect.Lists.equalsImpl(Ljava/util/List;Ljava/lang/Object;)Z @ 38
Event: 2417.974 Thread 0x000000001f0c4800 Uncommon trap: reason=class_check action=maybe_recompile pc=0x00000000046dd82c method=org.gradle.internal.resources.DefaultResourceLockCoordinationService$DefaultResourceLockState.releaseLocks()V @ 37

Classes redefined (0 events):
No events

Internal exceptions (10 events):
Event: 2417.976 Thread 0x000000001f0bb800 Exception <a 'sun/nio/fs/WindowsException'> (0x00000000e0c115f0) thrown at [C:\src\AOSP-openjdk-git\hotspot\src\share\vm\prims\jni.cpp, line 710]
Event: 2417.976 Thread 0x000000001f0bb800 Exception <a 'sun/nio/fs/WindowsException'> (0x00000000e0c12690) thrown at [C:\src\AOSP-openjdk-git\hotspot\src\share\vm\prims\jni.cpp, line 710]
Event: 2417.976 Thread 0x000000001f0bb800 Exception <a 'sun/nio/fs/WindowsException'> (0x00000000e0c131d0) thrown at [C:\src\AOSP-openjdk-git\hotspot\src\share\vm\prims\jni.cpp, line 710]
Event: 2417.976 Thread 0x000000001f0bb800 Exception <a 'sun/nio/fs/WindowsException'> (0x00000000e0c14228) thrown at [C:\src\AOSP-openjdk-git\hotspot\src\share\vm\prims\jni.cpp, line 710]
Event: 2418.484 Thread 0x000000001f0bb800 Exception <a 'sun/nio/fs/WindowsException'> (0x00000000d5d43798) thrown at [C:\src\AOSP-openjdk-git\hotspot\src\share\vm\prims\jni.cpp, line 710]
Event: 2418.484 Thread 0x000000001f0bb800 Exception <a 'sun/nio/fs/WindowsException'> (0x00000000d5d44820) thrown at [C:\src\AOSP-openjdk-git\hotspot\src\share\vm\prims\jni.cpp, line 710]
Event: 2418.485 Thread 0x000000001f0bb800 Exception <a 'sun/nio/fs/WindowsException'> (0x00000000d5d45460) thrown at [C:\src\AOSP-openjdk-git\hotspot\src\share\vm\prims\jni.cpp, line 710]
Event: 2418.485 Thread 0x000000001f0bb800 Exception <a 'sun/nio/fs/WindowsException'> (0x00000000d5d464e8) thrown at [C:\src\AOSP-openjdk-git\hotspot\src\share\vm\prims\jni.cpp, line 710]
Event: 2418.485 Thread 0x000000001f0bb800 Exception <a 'sun/nio/fs/WindowsException'> (0x00000000d5d46fb8) thrown at [C:\src\AOSP-openjdk-git\hotspot\src\share\vm\prims\jni.cpp, line 710]
Event: 2418.486 Thread 0x000000001f0bb800 Exception <a 'sun/nio/fs/WindowsException'> (0x00000000d5d48010) thrown at [C:\src\AOSP-openjdk-git\hotspot\src\share\vm\prims\jni.cpp, line 710]

Events (10 events):
Event: 2418.504 Thread 0x0000000019022000 flushing nmethod 0x0000000004ae7450
Event: 2418.505 Thread 0x0000000019022000 flushing nmethod 0x0000000004cac090
Event: 2418.506 Thread 0x0000000019022000 flushing nmethod 0x0000000004dcce90
Event: 2418.509 Thread 0x0000000019022000 flushing nmethod 0x0000000005113290
Event: 2418.509 Thread 0x0000000019022000 flushing nmethod 0x0000000005117c10
Event: 2418.524 Thread 0x0000000017c8e000 flushing nmethod 0x00000000052b1690
Event: 2418.525 Thread 0x0000000017c8e000 flushing nmethod 0x00000000055ce7d0
Event: 2418.525 Thread 0x0000000017c8e000 flushing nmethod 0x00000000055cec10
Event: 2418.532 Thread 0x0000000017c8e000 flushing nmethod 0x00000000056bee50
Event: 2418.532 Thread 0x0000000017c8e000 flushing nmethod 0x0000000005715bd0


Dynamic libraries:
0x00007ff637570000 - 0x00007ff6375a1000 	C:\Program Files\Android\Android Studio\jre\bin\java.exe
0x00007ffbc1180000 - 0x00007ffbc1370000 	C:\WINDOWS\SYSTEM32\ntdll.dll
0x00007ffbc0bb0000 - 0x00007ffbc0c62000 	C:\WINDOWS\System32\KERNEL32.DLL
0x00007ffbbe4f0000 - 0x00007ffbbe794000 	C:\WINDOWS\System32\KERNELBASE.dll
0x00007ffbc0980000 - 0x00007ffbc0a23000 	C:\WINDOWS\System32\ADVAPI32.dll
0x00007ffbc08e0000 - 0x00007ffbc097e000 	C:\WINDOWS\System32\msvcrt.dll
0x00007ffbbf640000 - 0x00007ffbbf6d7000 	C:\WINDOWS\System32\sechost.dll
0x00007ffbc0a30000 - 0x00007ffbc0b50000 	C:\WINDOWS\System32\RPCRT4.dll
0x00007ffbbf810000 - 0x00007ffbbf9a5000 	C:\WINDOWS\System32\USER32.dll
0x00007ffbbe2a0000 - 0x00007ffbbe2c1000 	C:\WINDOWS\System32\win32u.dll
0x00007ffbbf9e0000 - 0x00007ffbbfa06000 	C:\WINDOWS\System32\GDI32.dll
0x00007ffbbe7a0000 - 0x00007ffbbe936000 	C:\WINDOWS\System32\gdi32full.dll
0x00007ffbbe200000 - 0x00007ffbbe29e000 	C:\WINDOWS\System32\msvcp_win.dll
0x00007ffbbe100000 - 0x00007ffbbe1fa000 	C:\WINDOWS\System32\ucrtbase.dll
0x00007ffbad2a0000 - 0x00007ffbad524000 	C:\WINDOWS\WinSxS\amd64_microsoft.windows.common-controls_6595b64144ccf1df_6.0.18362.1016_none_9e7a36bbe461dae4\COMCTL32.dll
0x00007ffbbf230000 - 0x00007ffbbf565000 	C:\WINDOWS\System32\combase.dll
0x00007ffbbf130000 - 0x00007ffbbf1b0000 	C:\WINDOWS\System32\bcryptPrimitives.dll
0x00007ffbbf9b0000 - 0x00007ffbbf9de000 	C:\WINDOWS\System32\IMM32.DLL
0x0000000060680000 - 0x0000000060752000 	C:\Program Files\Android\Android Studio\jre\jre\bin\msvcr100.dll
0x0000000060760000 - 0x0000000060fab000 	C:\Program Files\Android\Android Studio\jre\jre\bin\server\jvm.dll
0x00007ffbc00c0000 - 0x00007ffbc00c8000 	C:\WINDOWS\System32\PSAPI.DLL
0x00007ffbac4f0000 - 0x00007ffbac4f9000 	C:\WINDOWS\SYSTEM32\WSOCK32.dll
0x00007ffbbc190000 - 0x00007ffbbc1b4000 	C:\WINDOWS\SYSTEM32\WINMM.dll
0x00007ffbc0050000 - 0x00007ffbc00bf000 	C:\WINDOWS\System32\WS2_32.dll
0x00007ffbaf690000 - 0x00007ffbaf69a000 	C:\WINDOWS\SYSTEM32\VERSION.dll
0x00007ffbbc160000 - 0x00007ffbbc18d000 	C:\WINDOWS\SYSTEM32\winmmbase.dll
0x00007ffbbf1e0000 - 0x00007ffbbf22a000 	C:\WINDOWS\System32\cfgmgr32.dll
0x00007ffbb93e0000 - 0x00007ffbb93ef000 	C:\Program Files\Android\Android Studio\jre\jre\bin\verify.dll
0x00007ffba6820000 - 0x00007ffba6849000 	C:\Program Files\Android\Android Studio\jre\jre\bin\java.dll
0x00007ffba67a0000 - 0x00007ffba67b6000 	C:\Program Files\Android\Android Studio\jre\jre\bin\zip.dll
0x00007ffbc0140000 - 0x00007ffbc0827000 	C:\WINDOWS\System32\SHELL32.dll
0x00007ffbc0830000 - 0x00007ffbc08d9000 	C:\WINDOWS\System32\shcore.dll
0x00007ffbbe940000 - 0x00007ffbbf0c2000 	C:\WINDOWS\System32\windows.storage.dll
0x00007ffbbe080000 - 0x00007ffbbe0a3000 	C:\WINDOWS\System32\profapi.dll
0x00007ffbbe0b0000 - 0x00007ffbbe0fa000 	C:\WINDOWS\System32\powrprof.dll
0x00007ffbbe030000 - 0x00007ffbbe040000 	C:\WINDOWS\System32\UMPDC.dll
0x00007ffbbf7b0000 - 0x00007ffbbf802000 	C:\WINDOWS\System32\shlwapi.dll
0x00007ffbbe040000 - 0x00007ffbbe051000 	C:\WINDOWS\System32\kernel.appcore.dll
0x00007ffbbe420000 - 0x00007ffbbe437000 	C:\WINDOWS\System32\cryptsp.dll
0x00007ffba66a0000 - 0x00007ffba66ba000 	C:\Program Files\Android\Android Studio\jre\jre\bin\net.dll
0x00007ffbbd830000 - 0x00007ffbbd897000 	C:\WINDOWS\system32\mswsock.dll
0x00007ffba5d50000 - 0x00007ffba5d63000 	C:\Program Files\Android\Android Studio\jre\jre\bin\nio.dll
0x00007ffbb9740000 - 0x00007ffbb9766000 	C:\Users\82105\.gradle\native\31\windows-amd64\native-platform.dll
0x00007ffbb5050000 - 0x00007ffbb505d000 	C:\Program Files\Android\Android Studio\jre\jre\bin\management.dll
0x00007ffbbd3a0000 - 0x00007ffbbd3d3000 	C:\WINDOWS\system32\rsaenh.dll
0x00007ffbbf1b0000 - 0x00007ffbbf1d6000 	C:\WINDOWS\System32\bcrypt.dll
0x00007ffbbdf50000 - 0x00007ffbbdf75000 	C:\WINDOWS\SYSTEM32\USERENV.dll
0x00007ffbbda00000 - 0x00007ffbbda0c000 	C:\WINDOWS\SYSTEM32\CRYPTBASE.dll
0x00007ffbbd540000 - 0x00007ffbbd57a000 	C:\WINDOWS\SYSTEM32\IPHLPAPI.DLL
0x00007ffbc0fd0000 - 0x00007ffbc0fd8000 	C:\WINDOWS\System32\NSI.dll
0x00007ffbb2740000 - 0x00007ffbb2756000 	C:\WINDOWS\SYSTEM32\dhcpcsvc6.DLL
0x00007ffbb4a60000 - 0x00007ffbb4a7c000 	C:\WINDOWS\SYSTEM32\dhcpcsvc.DLL
0x00007ffbbd580000 - 0x00007ffbbd64b000 	C:\WINDOWS\SYSTEM32\DNSAPI.dll
0x00007ffbbc290000 - 0x00007ffbbc31f000 	C:\WINDOWS\system32\apphelp.dll

VM Arguments:
jvm_args: -Xmx2048m -Dfile.encoding=x-windows-949 -Duser.country=KR -Duser.language=ko -Duser.variant 
java_command: org.gradle.launcher.daemon.bootstrap.GradleDaemon 6.1.1
java_class_path (initial): C:\Users\82105\.gradle\wrapper\dists\gradle-6.1.1-all\cfmwm155h49vnt3hynmlrsdst\gradle-6.1.1\lib\gradle-launcher-6.1.1.jar
Launcher Type: SUN_STANDARD

Environment Variables:
PATH=C:\WinAVR-20100110\bin;C:\WinAVR-20100110\utils\bin;C:\WINDOWS\system32;C:\WINDOWS;C:\WINDOWS\System32\Wbem;C:\WINDOWS\System32\WindowsPowerShell\v1.0\;C:\WINDOWS\System32\OpenSSH\;C:\Program Files\PostgreSQL\12\bin;C:\Program Files\dotnet\;C:\Users\82105\AppData\Local\Microsoft\WindowsApps;
USERNAME=82105
OS=Windows_NT
PROCESSOR_IDENTIFIER=Intel64 Family 6 Model 61 Stepping 4, GenuineIntel



---------------  S Y S T E M  ---------------

OS: Windows 10.0 , 64 bit Build 18362 (10.0.18362.959)

CPU:total 4 (initial active 4) (2 cores per cpu, 2 threads per core) family 6 model 61 stepping 4, cmov, cx8, fxsr, mmx, sse, sse2, sse3, ssse3, sse4.1, sse4.2, popcnt, avx, avx2, aes, clmul, erms, 3dnowpref, lzcnt, ht, tsc, tscinvbit, bmi1, bmi2, adx

Memory: 4k page, physical 8302164k(750276k free), swap 8302164k(6104k free)

vm_info: OpenJDK 64-Bit Server VM (25.242-b01) for windows-amd64 JRE (1.8.0_242-release-1644-b01), built by "builder" with MS VC++ 10.0 (VS2010)

time: Sun Aug 30 22:44:49 2020
timezone: 대한민국 표준시
elapsed time: 2419 seconds (0d 0h 40m 19s)

